
> ai-job-alerts-backend@1.0.0 dev
> ts-node-dev --respawn --transpile-only src/server.ts

[INFO] 11:03:49 ts-node-dev ver. 2.0.0 (using ts-node ver. 10.9.2, typescript ver. 5.9.3)
🚀 Connected to MongoDB via Prisma
🔧 Initializing database...
✅ Database initialized. Current users: 4
🚀 Server listening on http://localhost:5000
🕒 Initializing cron jobs...
🚀 Running initial job scrape on startup...
🔄 Starting job scraping cycle...
📄 Scraping Indeed...
📄 Scraping Naukri...
📄 Scraping LinkedIn...
📊 Generated 400 jobs from scrapers
✔️ 400 jobs passed validation
🗑️ Clearing old jobs...
✅ Batch 1: Created 100 jobs
✅ Batch 2: Created 100 jobs
✅ Batch 3: Created 100 jobs
✅ Batch 4: Created 100 jobs
✅ Successfully scraped and stored 400 new jobs!
✅ Initial job scraping completed successfully
✅ Job scraping scheduled with pattern: 0 */12 * * *
